1: lo: <LOOPBACK,UP,LOWER_UP> mtu 65536 qdisc noqueue state UNKNOWN group default qlen 1000
    link/loopback 00:00:00:00:00:00 brd 00:00:00:00:00:00
    inet 127.0.0.1/8 scope host lo
       valid_lft forever preferred_lft forever
    inet6 ::1/128 scope host noprefixroute 
       valid_lft forever preferred_lft forever
2: enp0s3: <BROADCAST,MULTICAST,UP,LOWER_UP> mtu 1500 qdisc fq_codel state UP group default qlen 1000
    link/ether 08:00:27:7d:d3:30 brd ff:ff:ff:ff:ff:ff
    inet 192.168.0.12/24 metric 100 brd 192.168.0.255 scope global dynamic enp0s3
       valid_lft 84291sec preferred_lft 84291sec
    inet6 fe80::a00:27ff:fe7d:d330/64 scope link 
       valid_lft forever preferred_lft forever
5: docker0: <NO-CARRIER,BROADCAST,MULTICAST,UP> mtu 1500 qdisc noqueue state DOWN group default 
    link/ether e6:eb:f8:96:d4:3a brd ff:ff:ff:ff:ff:ff
    inet 172.17.0.1/16 brd 172.17.255.255 scope global docker0
       valid_lft forever preferred_lft forever
14: br-8eca7491d515: <BROADCAST,MULTICAST,UP,LOWER_UP> mtu 1500 qdisc noqueue state UP group default 
    link/ether e2:3f:ca:a7:db:1b brd ff:ff:ff:ff:ff:ff
    inet 172.18.0.1/16 brd 172.18.255.255 scope global br-8eca7491d515
       valid_lft forever preferred_lft forever
    inet6 fe80::e03f:caff:fea7:db1b/64 scope link 
       valid_lft forever preferred_lft forever
16: veth25bfe0f@if2: <BROADCAST,MULTICAST,UP,LOWER_UP> mtu 1500 qdisc noqueue master br-8eca7491d515 state UP group default 
    link/ether ee:20:d7:8c:91:ec brd ff:ff:ff:ff:ff:ff link-netnsid 0
    inet6 fe80::ec20:d7ff:fe8c:91ec/64 scope link 
       valid_lft forever preferred_lft forever
17: veth6c031f5@if2: <BROADCAST,MULTICAST,UP,LOWER_UP> mtu 1500 qdisc noqueue master br-8eca7491d515 state UP group default 
    link/ether 4e:8f:c1:45:fc:4a brd ff:ff:ff:ff:ff:ff link-netnsid 1
    inet6 fe80::4c8f:c1ff:fe45:fc4a/64 scope link 
       valid_lft forever preferred_lft forever
20: br-9286b2715d3d: <BROADCAST,MULTICAST,UP,LOWER_UP> mtu 1500 qdisc noqueue state UP group default 
    link/ether 26:37:3d:ee:45:a3 brd ff:ff:ff:ff:ff:ff
    inet 172.19.0.1/16 brd 172.19.255.255 scope global br-9286b2715d3d
       valid_lft forever preferred_lft forever
    inet6 fe80::2437:3dff:feee:45a3/64 scope link 
       valid_lft forever preferred_lft forever
21: veth6ec0149@if2: <BROADCAST,MULTICAST,UP,LOWER_UP> mtu 1500 qdisc noqueue master br-9286b2715d3d state UP group default 
    link/ether 12:53:10:84:da:34 brd ff:ff:ff:ff:ff:ff link-netnsid 2
    inet6 fe80::1053:10ff:fe84:da34/64 scope link 
       valid_lft forever preferred_lft forever
22: veth633fe48@if2: <BROADCAST,MULTICAST,UP,LOWER_UP> mtu 1500 qdisc noqueue master br-9286b2715d3d state UP group default 
    link/ether 46:ca:e5:a2:18:95 brd ff:ff:ff:ff:ff:ff link-netnsid 3
    inet6 fe80::44ca:e5ff:fea2:1895/64 scope link 
       valid_lft forever preferred_lft forever
25: veth863934b@if2: <BROADCAST,MULTICAST,UP,LOWER_UP> mtu 1500 qdisc noqueue master br-9286b2715d3d state UP group default 
    link/ether 16:5f:df:13:a2:71 brd ff:ff:ff:ff:ff:ff link-netnsid 4
    inet6 fe80::145f:dfff:fe13:a271/64 scope link 
       valid_lft forever preferred_lft forever
26: veth7b4308a@if2: <BROADCAST,MULTICAST,UP,LOWER_UP> mtu 1500 qdisc noqueue master br-9286b2715d3d state UP group default 
    link/ether 5e:56:a5:56:c3:82 brd ff:ff:ff:ff:ff:ff link-netnsid 5
    inet6 fe80::5c56:a5ff:fe56:c382/64 scope link 
       valid_lft forever preferred_lft forever
27: vethebc510a@if2: <BROADCAST,MULTICAST,UP,LOWER_UP> mtu 1500 qdisc noqueue master br-9286b2715d3d state UP group default 
    link/ether 66:b0:5e:e0:9d:ee brd ff:ff:ff:ff:ff:ff link-netnsid 6
    inet6 fe80::64b0:5eff:fee0:9dee/64 scope link 
       valid_lft forever preferred_lft forever
28: veth1ff634b@if2: <BROADCAST,MULTICAST,UP,LOWER_UP> mtu 1500 qdisc noqueue master br-9286b2715d3d state UP group default 
    link/ether 02:2e:09:3d:64:32 brd ff:ff:ff:ff:ff:ff link-netnsid 7
    inet6 fe80::2e:9ff:fe3d:6432/64 scope link 
       valid_lft forever preferred_lft forever
